AuthKey:DYUrT56p95B3fRnwCn21l0DPirqWz9auOs6zTsULgMrk0A8Yh5XtZs7U3Y6g4rMc

Response from Blue Alliance
https://www.thebluealliance.com/api/v3/event/2020cala/oprs

Httpful\Response Object
(
    [body] => stdClass Object
        (
            [ccwms] => stdClass Object
                (
                    [frc1197] => 30.151784795167
                    [frc1452] => -17.244724212085
                    [frc1515] => -0.39008024167737
                    [frc1759] => -17.858832654889
                    [frc1836] => -13.994357822323
                    [frc207] => 2.9103131710996
                    [frc2576] => 27.187821389556
                    [frc2637] => 21.782725534949
                    [frc2710] => 15.267640056641
                    [frc3408] => 9.4278855228537
                    [frc3512] => 23.514506867424
                    [frc3952] => 4.6207131177512
                    [frc4019] => 8.5347157833437
                    [frc4123] => -8.02121121941
                    [frc4201] => 95.124630388488
                    [frc4400] => 16.311007519287
                    [frc4501] => -10.991403497886
                    [frc4578] => -34.651300293308
                    [frc4964] => -28.476979914897
                    [frc4999] => -15.981808004179
                    [frc5089] => 21.57336691272
                    [frc5124] => 29.62031594336
                    [frc5510] => -12.072847380075
                    [frc5512] => -17.039555357401
                    [frc5553] => 32.209398597945
                    [frc5634] => -20.302066292944
                    [frc5669] => -21.64808825929
                    [frc5802] => 19.474239396294
                    [frc597] => -2.1080525059642
                    [frc6000] => -7.233649850274
                    [frc606] => -11.409919432512
                    [frc6658] => 6.177412319656
                    [frc687] => 34.324358224051
                    [frc6904] => -17.2241898493
                    [frc6938] => -19.806267999866
                    [frc7033] => -24.965756596447
                    [frc7051] => 10.879841585801
                    [frc7185] => -1.2351852939978
                    [frc7447] => -46.100025812229
                    [frc7455] => -52.823725214696
                    [frc8159] => -29.963054483523
                    [frc841] => -24.245347124649
                    [frc980] => -20.204273165908
                    [frc987] => 59.805134555049
                )

            [dprs] => stdClass Object
                (
                    [frc1197] => 24.230494851367
                    [frc1452] => 42.381669792808
                    [frc1515] => 45.196428157456
                    [frc1759] => 23.07327922972
                    [frc1836] => 34.316816577378
                    [frc207] => 24.164689427689
                    [frc2576] => 2.2266071276607
                    [frc2637] => 19.02056538381
                    [frc2710] => 41.674447982988
                    [frc3408] => 25.791111542718
                    [frc3512] => 16.352224695224
                    [frc3952] => 9.473086366711
                    [frc4019] => 1.3787052092958
                    [frc4123] => 39.911333066161
                    [frc4201] => -2.1656952244302
                    [frc4400] => 15.063584518866
                    [frc4501] => 29.222375334792
                    [frc4578] => 45.602189201885
                    [frc4964] => 33.898971605237
                    [frc4999] => 37.103850309296
                    [frc5089] => 1.5584581347874
                    [frc5124] => 26.318591171356
                    [frc5510] => 19.534063058533
                    [frc5512] => 32.632223893937
                    [frc5553] => 20.31737861278
                    [frc5634] => 31.060836060916
                    [frc5669] => 22.581552406071
                    [frc5802] => 48.776409957425
                    [frc597] => 42.913744794407
                    [frc6000] => 21.914699067319
                    [frc606] => 17.833958279237
                    [frc6658] => 26.03800326463
                    [frc687] => 16.75140825812
                    [frc6904] => 32.927935625302
                    [frc6938] => 38.484752247986
                    [frc7033] => 24.226789049592
                    [frc7051] => 1.8925824257514
                    [frc7185] => 17.247350110952
                    [frc7447] => 51.310323879354
                    [frc7455] => 47.527068672508
                    [frc8159] => 46.855093388114
                    [frc841] => 52.803922639822
                    [frc980] => 36.553799500637
                    [frc987] => 33.229937385253
                )

            [oprs] => stdClass Object
                (
                    [frc1197] => 54.382279646534
                    [frc1452] => 25.136945580723
                    [frc1515] => 44.806347915779
                    [frc1759] => 5.2144465748314
                    [frc1836] => 20.322458755054
                    [frc207] => 27.075002598789
                    [frc2576] => 29.414428517217
                    [frc2637] => 40.80329091876
                    [frc2710] => 56.942088039629
                    [frc3408] => 35.218997065572
                    [frc3512] => 39.866731562647
                    [frc3952] => 14.093799484462
                    [frc4019] => 9.9134209926395
                    [frc4123] => 31.890121846751
                    [frc4201] => 92.958935164058
                    [frc4400] => 31.374592038152
                    [frc4501] => 18.230971836906
                    [frc4578] => 10.950888908577
                    [frc4964] => 5.4219916903402
                    [frc4999] => 21.122042305116
                    [frc5089] => 23.131825047507
                    [frc5124] => 55.938907114717
                    [frc5510] => 7.4612156784576
                    [frc5512] => 15.592668536536
                    [frc5553] => 52.526777210724
                    [frc5634] => 10.758769767972
                    [frc5669] => 0.93346414678178
                    [frc5802] => 68.250649353719
                    [frc597] => 40.805692288443
                    [frc6000] => 14.681049217045
                    [frc606] => 6.4240388467258
                    [frc6658] => 32.215415584286
                    [frc687] => 51.075766482172
                    [frc6904] => 15.703745776002
                    [frc6938] => 18.67848424812
                    [frc7033] => -0.73896754685513
                    [frc7051] => 12.772424011552
                    [frc7185] => 16.012164816954
                    [frc7447] => 5.2102980671251
                    [frc7455] => -5.2966565421877
                    [frc8159] => 16.892038904591
                    [frc841] => 28.558575515172
                    [frc980] => 16.349526334728
                    [frc987] => 93.035071940302
                )

        )

    [raw_body] => {
  "ccwms": {
    "frc1197": 30.15178479516729, 
    "frc1452": -17.244724212084645, 
    "frc1515": -0.39008024167736544, 
    "frc1759": -17.85883265488895, 
    "frc1836": -13.994357822323321, 
    "frc207": 2.910313171099582, 
    "frc2576": 27.187821389556184, 
    "frc2637": 21.782725534949428, 
    "frc2710": 15.26764005664118, 
    "frc3408": 9.427885522853705, 
    "frc3512": 23.514506867423705, 
    "frc3952": 4.620713117751236, 
    "frc4019": 8.53471578334371, 
    "frc4123": -8.021211219409976, 
    "frc4201": 95.1246303884882, 
    "frc4400": 16.31100751928658, 
    "frc4501": -10.991403497885925, 
    "frc4578": -34.65130029330796, 
    "frc4964": -28.476979914896702, 
    "frc4999": -15.981808004179403, 
    "frc5089": 21.57336691272009, 
    "frc5124": 29.62031594336044, 
    "frc5510": -12.072847380075315, 
    "frc5512": -17.039555357400864, 
    "frc5553": 32.20939859794492, 
    "frc5634": -20.302066292944225, 
    "frc5669": -21.64808825928962, 
    "frc5802": 19.474239396293687, 
    "frc597": -2.108052505964203, 
    "frc6000": -7.233649850274002, 
    "frc606": -11.409919432511678, 
    "frc6658": 6.177412319656014, 
    "frc687": 34.324358224051245, 
    "frc6904": -17.224189849299815, 
    "frc6938": -19.80626799986622, 
    "frc7033": -24.965756596446887, 
    "frc7051": 10.879841585800708, 
    "frc7185": -1.2351852939978458, 
    "frc7447": -46.10002581222886, 
    "frc7455": -52.82372521469571, 
    "frc8159": -29.963054483523266, 
    "frc841": -24.245347124649467, 
    "frc980": -20.204273165908468, 
    "frc987": 59.80513455504878
  }, 
  "dprs": {
    "frc1197": 24.230494851367105, 
    "frc1452": 42.38166979280786, 
    "frc1515": 45.19642815745647, 
    "frc1759": 23.073279229720416, 
    "frc1836": 34.3168165773776, 
    "frc207": 24.16468942768932, 
    "frc2576": 2.2266071276606967, 
    "frc2637": 19.020565383810304, 
    "frc2710": 41.674447982988134, 
    "frc3408": 25.79111154271836, 
    "frc3512": 16.352224695223573, 
    "frc3952": 9.473086366711033, 
    "frc4019": 1.378705209295814, 
    "frc4123": 39.91133306616118, 
    "frc4201": -2.165695224430162, 
    "frc4400": 15.063584518865722, 
    "frc4501": 29.222375334791753, 
    "frc4578": 45.6021892018847, 
    "frc4964": 33.89897160523698, 
    "frc4999": 37.10385030929551, 
    "frc5089": 1.5584581347874078, 
    "frc5124": 26.318591171356083, 
    "frc5510": 19.534063058532936, 
    "frc5512": 32.63222389393698, 
    "frc5553": 20.317378612779528, 
    "frc5634": 31.06083606091647, 
    "frc5669": 22.5815524060714, 
    "frc5802": 48.77640995742529, 
    "frc597": 42.91374479440671, 
    "frc6000": 21.914699067318743, 
    "frc606": 17.833958279237486, 
    "frc6658": 26.038003264629797, 
    "frc687": 16.751408258120325, 
    "frc6904": 32.92793562530167, 
    "frc6938": 38.48475224798648, 
    "frc7033": 24.226789049591783, 
    "frc7051": 1.8925824257513626, 
    "frc7185": 17.24735011095166, 
    "frc7447": 51.310323879354, 
    "frc7455": 47.527068672508, 
    "frc8159": 46.855093388114, 
    "frc841": 52.80392263982159, 
    "frc980": 36.55379950063667, 
    "frc987": 33.22993738525302
  }, 
  "oprs": {
    "frc1197": 54.382279646534364, 
    "frc1452": 25.13694558072319, 
    "frc1515": 44.806347915779114, 
    "frc1759": 5.214446574831442, 
    "frc1836": 20.322458755054342, 
    "frc207": 27.07500259878891, 
    "frc2576": 29.4144285172169, 
    "frc2637": 40.80329091875976, 
    "frc2710": 56.94208803962932, 
    "frc3408": 35.21899706557206, 
    "frc3512": 39.866731562647274, 
    "frc3952": 14.093799484462286, 
    "frc4019": 9.913420992639521, 
    "frc4123": 31.8901218467512, 
    "frc4201": 92.958935164058, 
    "frc4400": 31.374592038152286, 
    "frc4501": 18.230971836905834, 
    "frc4578": 10.950888908576749, 
    "frc4964": 5.421991690340244, 
    "frc4999": 21.12204230511614, 
    "frc5089": 23.131825047507498, 
    "frc5124": 55.93890711471653, 
    "frc5510": 7.4612156784576396, 
    "frc5512": 15.59266853653611, 
    "frc5553": 52.52677721072447, 
    "frc5634": 10.758769767972247, 
    "frc5669": 0.9334641467817804, 
    "frc5802": 68.25064935371897, 
    "frc597": 40.80569228844251, 
    "frc6000": 14.681049217044759, 
    "frc606": 6.424038846725818, 
    "frc6658": 32.21541558428585, 
    "frc687": 51.075766482171545, 
    "frc6904": 15.703745776001858, 
    "frc6938": 18.678484248120306, 
    "frc7033": -0.738967546855128, 
    "frc7051": 12.772424011552072, 
    "frc7185": 16.01216481695382, 
    "frc7447": 5.210298067125129, 
    "frc7455": -5.296656542187726, 
    "frc8159": 16.89203890459076, 
    "frc841": 28.55857551517213, 
    "frc980": 16.349526334728214, 
    "frc987": 93.03507194030179
  }
}
    [headers] => Httpful\Response\Headers Object
        (
            [headers:Httpful\Response\Headers:private] => Array
                (
                    [date] => Mon, 09 Mar 2020 16:17:41 GMT
                    [content-type] => application/json; charset="utf-8"
                    [set-cookie] => __cfduid=db1a1991085d6f6d3a5540799a59d743d1583770660; expires=Wed, 08-Apr-20 16:17:40 GMT; path=/; domain=.thebluealliance.com; HttpOnly; SameSite=Lax; Secure
                    [access-control-allow-origin] => *
                    [x-robots-tag] => noindex
                    [etag] => W/"afe532dde5751e6c8f8b5ced6127b3a5"
                    [last-modified] => Mon, 09 Mar 2020 02:02:01 GMT
                    [x-tba-version] => 3
                    [vary] => Accept-Encoding
                    [x-cloud-trace-context] => 6ca9436bdee4e34cbd5a8854eb447e54
                    [cache-control] => public, max-age=61, s-maxage=61
                    [age] => 0
                    [cf-cache-status] => DYNAMIC
                    [expect-ct] => max-age=604800, report-uri="https://report-uri.cloudflare.com/cdn-cgi/beacon/expect-ct"
                    [server] => cloudflare
                    [cf-ray] => 57161b824c86ed67-SJC
                )

        )

    [raw_headers] => HTTP/2 200 
date: Mon, 09 Mar 2020 16:17:41 GMT
content-type: application/json; charset="utf-8"
set-cookie: __cfduid=db1a1991085d6f6d3a5540799a59d743d1583770660; expires=Wed, 08-Apr-20 16:17:40 GMT; path=/; domain=.thebluealliance.com; HttpOnly; SameSite=Lax; Secure
access-control-allow-origin: *
x-robots-tag: noindex
etag: W/"afe532dde5751e6c8f8b5ced6127b3a5"
last-modified: Mon, 09 Mar 2020 02:02:01 GMT
x-tba-version: 3
vary: Accept-Encoding
x-cloud-trace-context: 6ca9436bdee4e34cbd5a8854eb447e54
cache-control: public, max-age=61, s-maxage=61
age: 0
cf-cache-status: DYNAMIC
expect-ct: max-age=604800, report-uri="https://report-uri.cloudflare.com/cdn-cgi/beacon/expect-ct"
server: cloudflare
cf-ray: 57161b824c86ed67-SJC
    [request] => Httpful\Request Object
        (
            [uri] => https://www.thebluealliance.com/api/v3/event/2020cala/oprs
            [method] => GET
            [headers] => Array
                (
                    [X-TBA-Auth-Key] => DYUrT56p95B3fRnwCn21l0DPirqWz9auOs6zTsULgMrk0A8Yh5XtZs7U3Y6g4rMc
                    [Content-Length] => 0
                )

            [raw_headers] => GET /api/v3/event/2020cala/oprs HTTP/1.1
Host: www.thebluealliance.com
Expect:
User-Agent: Httpful/0.3.0 (cURL/7.67.0 PHP/7.4.2 (WINNT))
Content-Type: 
Accept: */*; q=0.5, text/plain; q=0.8, text/html;level=3;
X-TBA-Auth-Key: DYUrT56p95B3fRnwCn21l0DPirqWz9auOs6zTsULgMrk0A8Yh5XtZs7U3Y6g4rMc
Content-Length: 0

            [strict_ssl] => 
            [content_type] => 
            [expected_type] => 
            [additional_curl_opts] => Array
                (
                )

            [auto_parse] => 1
            [serialize_payload_method] => 2
            [username] => 
            [password] => 
            [serialized_payload] => 
            [payload] => 
            [parse_callback] => 
            [error_callback] => 
            [send_callback] => 
            [follow_redirects] => 
            [max_redirects] => 25
            [payload_serializers] => Array
                (
                )

            [_debug] => 
        )

    [code] => 200
    [content_type] => application/json
    [parent_type] => application/json
    [charset] => "utf-8"
    [meta_data] => Array
        (
            [url] => https://www.thebluealliance.com/api/v3/event/2020cala/oprs
            [content_type] => application/json; charset="utf-8"
            [http_code] => 200
            [header_size] => 748
            [request_size] => 292
            [filetime] => -1
            [ssl_verify_result] => 0
            [redirect_count] => 0
            [total_time] => 1.472476
            [namelookup_time] => 0.026945
            [connect_time] => 0.056219
            [pretransfer_time] => 0.214592
            [size_upload] => 0
            [size_download] => 4721
            [speed_download] => 3207
            [speed_upload] => 0
            [download_content_length] => -1
            [upload_content_length] => -1
            [starttransfer_time] => 1.471402
            [redirect_time] => 0
            [redirect_url] => 
            [primary_ip] => 104.27.168.189
            [certinfo] => Array
                (
                )

            [primary_port] => 443
            [local_ip] => 172.24.124.185
            [local_port] => 60289
            [http_version] => 3
            [protocol] => 2
            [ssl_verifyresult] => 0
            [scheme] => HTTPS
            [appconnect_time_us] => 196483
            [connect_time_us] => 56219
            [namelookup_time_us] => 26945
            [pretransfer_time_us] => 214592
            [redirect_time_us] => 0
            [starttransfer_time_us] => 1471402
            [total_time_us] => 1472476
        )

    [is_mime_vendor_specific] => 
    [is_mime_personal] => 
    [parsers:Httpful\Response:private] => 
)


end.
