AuthKey:DYUrT56p95B3fRnwCn21l0DPirqWz9auOs6zTsULgMrk0A8Yh5XtZs7U3Y6g4rMc

Response from Blue Alliance
https://www.thebluealliance.com/api/v3/event/2020cala/rankings

Httpful\Response Object
(
    [body] => stdClass Object
        (
            [extra_stats_info] => Array
                (
                    [0] => stdClass Object
                        (
                            [name] => Total Ranking Points
                            [precision] => 0
                        )

                )

            [rankings] => Array
                (
                    [0] => stdClass Object
                        (
                            [dq] => 0
                            [extra_stats] => Array
                                (
                                    [0] => 22
                                )

                            [matches_played] => 10
                            [qual_average] => 
                            [rank] => 1
                            [record] => stdClass Object
                                (
                                    [losses] => 0
                                    [ties] => 0
                                    [wins] => 10
                                )

                            [sort_orders] => Array
                                (
                                    [0] => 2.2
                                    [1] => 425
                                    [2] => 455
                                    [3] => 489
                                    [4] => 0
                                    [5] => 0
                                )

                            [team_key] => frc4201
                        )

                    [1] => stdClass Object
                        (
                            [dq] => 0
                            [extra_stats] => Array
                                (
                                    [0] => 22
                                )

                            [matches_played] => 10
                            [qual_average] => 
                            [rank] => 2
                            [record] => stdClass Object
                                (
                                    [losses] => 0
                                    [ties] => 0
                                    [wins] => 10
                                )

                            [sort_orders] => Array
                                (
                                    [0] => 2.2
                                    [1] => 418
                                    [2] => 395
                                    [3] => 545
                                    [4] => 0
                                    [5] => 0
                                )

                            [team_key] => frc987
                        )

                    [2] => stdClass Object
                        (
                            [dq] => 0
                            [extra_stats] => Array
                                (
                                    [0] => 19
                                )

                            [matches_played] => 10
                            [qual_average] => 
                            [rank] => 3
                            [record] => stdClass Object
                                (
                                    [losses] => 1
                                    [ties] => 0
                                    [wins] => 9
                                )

                            [sort_orders] => Array
                                (
                                    [0] => 1.9
                                    [1] => 313
                                    [2] => 370
                                    [3] => 244
                                    [4] => 0
                                    [5] => 0
                                )

                            [team_key] => frc1197
                        )

                    [3] => stdClass Object
                        (
                            [dq] => 0
                            [extra_stats] => Array
                                (
                                    [0] => 18
                                )

                            [matches_played] => 10
                            [qual_average] => 
                            [rank] => 4
                            [record] => stdClass Object
                                (
                                    [losses] => 3
                                    [ties] => 0
                                    [wins] => 7
                                )

                            [sort_orders] => Array
                                (
                                    [0] => 1.8
                                    [1] => 289
                                    [2] => 440
                                    [3] => 153
                                    [4] => 0
                                    [5] => 0
                                )

                            [team_key] => frc3408
                        )

                    [4] => stdClass Object
                        (
                            [dq] => 0
                            [extra_stats] => Array
                                (
                                    [0] => 16
                                )

                            [matches_played] => 10
                            [qual_average] => 
                            [rank] => 5
                            [record] => stdClass Object
                                (
                                    [losses] => 3
                                    [ties] => 0
                                    [wins] => 7
                                )

                            [sort_orders] => Array
                                (
                                    [0] => 1.6
                                    [1] => 244
                                    [2] => 395
                                    [3] => 215
                                    [4] => 0
                                    [5] => 0
                                )

                            [team_key] => frc3512
                        )

                    [5] => stdClass Object
                        (
                            [dq] => 0
                            [extra_stats] => Array
                                (
                                    [0] => 15
                                )

                            [matches_played] => 10
                            [qual_average] => 
                            [rank] => 6
                            [record] => stdClass Object
                                (
                                    [losses] => 3
                                    [ties] => 0
                                    [wins] => 7
                                )

                            [sort_orders] => Array
                                (
                                    [0] => 1.5
                                    [1] => 274
                                    [2] => 310
                                    [3] => 224
                                    [4] => 0
                                    [5] => 0
                                )

                            [team_key] => frc5553
                        )

                    [6] => stdClass Object
                        (
                            [dq] => 0
                            [extra_stats] => Array
                                (
                                    [0] => 14
                                )

                            [matches_played] => 10
                            [qual_average] => 
                            [rank] => 7
                            [record] => stdClass Object
                                (
                                    [losses] => 3
                                    [ties] => 0
                                    [wins] => 7
                                )

                            [sort_orders] => Array
                                (
                                    [0] => 1.4
                                    [1] => 308
                                    [2] => 170
                                    [3] => 217
                                    [4] => 0
                                    [5] => 0
                                )

                            [team_key] => frc5089
                        )

                    [7] => stdClass Object
                        (
                            [dq] => 0
                            [extra_stats] => Array
                                (
                                    [0] => 14
                                )

                            [matches_played] => 10
                            [qual_average] => 
                            [rank] => 8
                            [record] => stdClass Object
                                (
                                    [losses] => 4
                                    [ties] => 0
                                    [wins] => 6
                                )

                            [sort_orders] => Array
                                (
                                    [0] => 1.4
                                    [1] => 301
                                    [2] => 335
                                    [3] => 172
                                    [4] => 0
                                    [5] => 0
                                )

                            [team_key] => frc4123
                        )

                    [8] => stdClass Object
                        (
                            [dq] => 0
                            [extra_stats] => Array
                                (
                                    [0] => 13
                                )

                            [matches_played] => 10
                            [qual_average] => 
                            [rank] => 9
                            [record] => stdClass Object
                                (
                                    [losses] => 4
                                    [ties] => 0
                                    [wins] => 6
                                )

                            [sort_orders] => Array
                                (
                                    [0] => 1.3
                                    [1] => 284
                                    [2] => 325
                                    [3] => 296
                                    [4] => 0
                                    [5] => 0
                                )

                            [team_key] => frc2710
                        )

                    [9] => stdClass Object
                        (
                            [dq] => 0
                            [extra_stats] => Array
                                (
                                    [0] => 13
                                )

                            [matches_played] => 10
                            [qual_average] => 
                            [rank] => 10
                            [record] => stdClass Object
                                (
                                    [losses] => 4
                                    [ties] => 0
                                    [wins] => 6
                                )

                            [sort_orders] => Array
                                (
                                    [0] => 1.3
                                    [1] => 279
                                    [2] => 275
                                    [3] => 169
                                    [4] => 0
                                    [5] => 0
                                )

                            [team_key] => frc4400
                        )

                    [10] => stdClass Object
                        (
                            [dq] => 0
                            [extra_stats] => Array
                                (
                                    [0] => 13
                                )

                            [matches_played] => 10
                            [qual_average] => 
                            [rank] => 11
                            [record] => stdClass Object
                                (
                                    [losses] => 4
                                    [ties] => 0
                                    [wins] => 6
                                )

                            [sort_orders] => Array
                                (
                                    [0] => 1.3
                                    [1] => 259
                                    [2] => 240
                                    [3] => 199
                                    [4] => 0
                                    [5] => 0
                                )

                            [team_key] => frc1836
                        )

                    [11] => stdClass Object
                        (
                            [dq] => 0
                            [extra_stats] => Array
                                (
                                    [0] => 13
                                )

                            [matches_played] => 10
                            [qual_average] => 
                            [rank] => 12
                            [record] => stdClass Object
                                (
                                    [losses] => 4
                                    [ties] => 0
                                    [wins] => 6
                                )

                            [sort_orders] => Array
                                (
                                    [0] => 1.3
                                    [1] => 227
                                    [2] => 230
                                    [3] => 273
                                    [4] => 0
                                    [5] => 0
                                )

                            [team_key] => frc207
                        )

                    [12] => stdClass Object
                        (
                            [dq] => 0
                            [extra_stats] => Array
                                (
                                    [0] => 12
                                )

                            [matches_played] => 10
                            [qual_average] => 
                            [rank] => 13
                            [record] => stdClass Object
                                (
                                    [losses] => 4
                                    [ties] => 0
                                    [wins] => 6
                                )

                            [sort_orders] => Array
                                (
                                    [0] => 1.2
                                    [1] => 360
                                    [2] => 350
                                    [3] => 317
                                    [4] => 0
                                    [5] => 0
                                )

                            [team_key] => frc5802
                        )

                    [13] => stdClass Object
                        (
                            [dq] => 0
                            [extra_stats] => Array
                                (
                                    [0] => 12
                                )

                            [matches_played] => 10
                            [qual_average] => 
                            [rank] => 14
                            [record] => stdClass Object
                                (
                                    [losses] => 4
                                    [ties] => 0
                                    [wins] => 6
                                )

                            [sort_orders] => Array
                                (
                                    [0] => 1.2
                                    [1] => 352
                                    [2] => 225
                                    [3] => 229
                                    [4] => 0
                                    [5] => 0
                                )

                            [team_key] => frc687
                        )

                    [14] => stdClass Object
                        (
                            [dq] => 0
                            [extra_stats] => Array
                                (
                                    [0] => 12
                                )

                            [matches_played] => 10
                            [qual_average] => 
                            [rank] => 15
                            [record] => stdClass Object
                                (
                                    [losses] => 4
                                    [ties] => 0
                                    [wins] => 6
                                )

                            [sort_orders] => Array
                                (
                                    [0] => 1.2
                                    [1] => 224
                                    [2] => 185
                                    [3] => 281
                                    [4] => 0
                                    [5] => 0
                                )

                            [team_key] => frc597
                        )

                    [15] => stdClass Object
                        (
                            [dq] => 0
                            [extra_stats] => Array
                                (
                                    [0] => 12
                                )

                            [matches_played] => 10
                            [qual_average] => 
                            [rank] => 16
                            [record] => stdClass Object
                                (
                                    [losses] => 4
                                    [ties] => 0
                                    [wins] => 6
                                )

                            [sort_orders] => Array
                                (
                                    [0] => 1.2
                                    [1] => 209
                                    [2] => 245
                                    [3] => 125
                                    [4] => 0
                                    [5] => 0
                                )

                            [team_key] => frc7051
                        )

                    [16] => stdClass Object
                        (
                            [dq] => 0
                            [extra_stats] => Array
                                (
                                    [0] => 12
                                )

                            [matches_played] => 10
                            [qual_average] => 
                            [rank] => 17
                            [record] => stdClass Object
                                (
                                    [losses] => 4
                                    [ties] => 0
                                    [wins] => 6
                                )

                            [sort_orders] => Array
                                (
                                    [0] => 1.2
                                    [1] => 208
                                    [2] => 190
                                    [3] => 175
                                    [4] => 0
                                    [5] => 0
                                )

                            [team_key] => frc2576
                        )

                    [17] => stdClass Object
                        (
                            [dq] => 0
                            [extra_stats] => Array
                                (
                                    [0] => 12
                                )

                            [matches_played] => 10
                            [qual_average] => 
                            [rank] => 18
                            [record] => stdClass Object
                                (
                                    [losses] => 4
                                    [ties] => 0
                                    [wins] => 6
                                )

                            [sort_orders] => Array
                                (
                                    [0] => 1.2
                                    [1] => 192
                                    [2] => 200
                                    [3] => 202
                                    [4] => 0
                                    [5] => 0
                                )

                            [team_key] => frc7185
                        )

                    [18] => stdClass Object
                        (
                            [dq] => 0
                            [extra_stats] => Array
                                (
                                    [0] => 11
                                )

                            [matches_played] => 10
                            [qual_average] => 
                            [rank] => 19
                            [record] => stdClass Object
                                (
                                    [losses] => 5
                                    [ties] => 0
                                    [wins] => 5
                                )

                            [sort_orders] => Array
                                (
                                    [0] => 1.1
                                    [1] => 333
                                    [2] => 295
                                    [3] => 360
                                    [4] => 0
                                    [5] => 0
                                )

                            [team_key] => frc5124
                        )

                    [19] => stdClass Object
                        (
                            [dq] => 0
                            [extra_stats] => Array
                                (
                                    [0] => 11
                                )

                            [matches_played] => 10
                            [qual_average] => 
                            [rank] => 20
                            [record] => stdClass Object
                                (
                                    [losses] => 5
                                    [ties] => 0
                                    [wins] => 5
                                )

                            [sort_orders] => Array
                                (
                                    [0] => 1.1
                                    [1] => 278
                                    [2] => 180
                                    [3] => 239
                                    [4] => 0
                                    [5] => 0
                                )

                            [team_key] => frc4501
                        )

                    [20] => stdClass Object
                        (
                            [dq] => 0
                            [extra_stats] => Array
                                (
                                    [0] => 10
                                )

                            [matches_played] => 10
                            [qual_average] => 
                            [rank] => 21
                            [record] => stdClass Object
                                (
                                    [losses] => 5
                                    [ties] => 0
                                    [wins] => 5
                                )

                            [sort_orders] => Array
                                (
                                    [0] => 1
                                    [1] => 246
                                    [2] => 220
                                    [3] => 192
                                    [4] => 0
                                    [5] => 0
                                )

                            [team_key] => frc6000
                        )

                    [21] => stdClass Object
                        (
                            [dq] => 0
                            [extra_stats] => Array
                                (
                                    [0] => 10
                                )

                            [matches_played] => 10
                            [qual_average] => 
                            [rank] => 22
                            [record] => stdClass Object
                                (
                                    [losses] => 5
                                    [ties] => 0
                                    [wins] => 5
                                )

                            [sort_orders] => Array
                                (
                                    [0] => 1
                                    [1] => 237
                                    [2] => 230
                                    [3] => 170
                                    [4] => 0
                                    [5] => 0
                                )

                            [team_key] => frc6658
                        )

                    [22] => stdClass Object
                        (
                            [dq] => 0
                            [extra_stats] => Array
                                (
                                    [0] => 10
                                )

                            [matches_played] => 10
                            [qual_average] => 
                            [rank] => 23
                            [record] => stdClass Object
                                (
                                    [losses] => 5
                                    [ties] => 0
                                    [wins] => 5
                                )

                            [sort_orders] => Array
                                (
                                    [0] => 1
                                    [1] => 233
                                    [2] => 215
                                    [3] => 195
                                    [4] => 0
                                    [5] => 0
                                )

                            [team_key] => frc2637
                        )

                    [23] => stdClass Object
                        (
                            [dq] => 0
                            [extra_stats] => Array
                                (
                                    [0] => 10
                                )

                            [matches_played] => 10
                            [qual_average] => 
                            [rank] => 24
                            [record] => stdClass Object
                                (
                                    [losses] => 6
                                    [ties] => 0
                                    [wins] => 4
                                )

                            [sort_orders] => Array
                                (
                                    [0] => 1
                                    [1] => 232
                                    [2] => 245
                                    [3] => 177
                                    [4] => 0
                                    [5] => 0
                                )

                            [team_key] => frc980
                        )

                    [24] => stdClass Object
                        (
                            [dq] => 0
                            [extra_stats] => Array
                                (
                                    [0] => 10
                                )

                            [matches_played] => 10
                            [qual_average] => 
                            [rank] => 25
                            [record] => stdClass Object
                                (
                                    [losses] => 5
                                    [ties] => 0
                                    [wins] => 5
                                )

                            [sort_orders] => Array
                                (
                                    [0] => 1
                                    [1] => 221
                                    [2] => 175
                                    [3] => 216
                                    [4] => 0
                                    [5] => 0
                                )

                            [team_key] => frc4019
                        )

                    [25] => stdClass Object
                        (
                            [dq] => 0
                            [extra_stats] => Array
                                (
                                    [0] => 10
                                )

                            [matches_played] => 10
                            [qual_average] => 
                            [rank] => 26
                            [record] => stdClass Object
                                (
                                    [losses] => 5
                                    [ties] => 0
                                    [wins] => 5
                                )

                            [sort_orders] => Array
                                (
                                    [0] => 1
                                    [1] => 200
                                    [2] => 240
                                    [3] => 181
                                    [4] => 0
                                    [5] => 0
                                )

                            [team_key] => frc3952
                        )

                    [26] => stdClass Object
                        (
                            [dq] => 0
                            [extra_stats] => Array
                                (
                                    [0] => 9
                                )

                            [matches_played] => 10
                            [qual_average] => 
                            [rank] => 27
                            [record] => stdClass Object
                                (
                                    [losses] => 6
                                    [ties] => 0
                                    [wins] => 4
                                )

                            [sort_orders] => Array
                                (
                                    [0] => 0.9
                                    [1] => 273
                                    [2] => 315
                                    [3] => 286
                                    [4] => 0
                                    [5] => 0
                                )

                            [team_key] => frc1515
                        )

                    [27] => stdClass Object
                        (
                            [dq] => 0
                            [extra_stats] => Array
                                (
                                    [0] => 8
                                )

                            [matches_played] => 10
                            [qual_average] => 
                            [rank] => 28
                            [record] => stdClass Object
                                (
                                    [losses] => 6
                                    [ties] => 0
                                    [wins] => 4
                                )

                            [sort_orders] => Array
                                (
                                    [0] => 0.8
                                    [1] => 254
                                    [2] => 155
                                    [3] => 150
                                    [4] => 0
                                    [5] => 0
                                )

                            [team_key] => frc7033
                        )

                    [28] => stdClass Object
                        (
                            [dq] => 0
                            [extra_stats] => Array
                                (
                                    [0] => 8
                                )

                            [matches_played] => 10
                            [qual_average] => 
                            [rank] => 29
                            [record] => stdClass Object
                                (
                                    [losses] => 6
                                    [ties] => 0
                                    [wins] => 4
                                )

                            [sort_orders] => Array
                                (
                                    [0] => 0.8
                                    [1] => 235
                                    [2] => 190
                                    [3] => 249
                                    [4] => 0
                                    [5] => 0
                                )

                            [team_key] => frc4999
                        )

                    [29] => stdClass Object
                        (
                            [dq] => 0
                            [extra_stats] => Array
                                (
                                    [0] => 8
                                )

                            [matches_played] => 10
                            [qual_average] => 
                            [rank] => 30
                            [record] => stdClass Object
                                (
                                    [losses] => 6
                                    [ties] => 0
                                    [wins] => 4
                                )

                            [sort_orders] => Array
                                (
                                    [0] => 0.8
                                    [1] => 215
                                    [2] => 230
                                    [3] => 152
                                    [4] => 0
                                    [5] => 0
                                )

                            [team_key] => frc7447
                        )

                    [30] => stdClass Object
                        (
                            [dq] => 0
                            [extra_stats] => Array
                                (
                                    [0] => 8
                                )

                            [matches_played] => 10
                            [qual_average] => 
                            [rank] => 31
                            [record] => stdClass Object
                                (
                                    [losses] => 7
                                    [ties] => 0
                                    [wins] => 3
                                )

                            [sort_orders] => Array
                                (
                                    [0] => 0.8
                                    [1] => 207
                                    [2] => 210
                                    [3] => 115
                                    [4] => 0
                                    [5] => 0
                                )

                            [team_key] => frc606
                        )

                    [31] => stdClass Object
                        (
                            [dq] => 1
                            [extra_stats] => Array
                                (
                                    [0] => 8
                                )

                            [matches_played] => 10
                            [qual_average] => 
                            [rank] => 32
                            [record] => stdClass Object
                                (
                                    [losses] => 5
                                    [ties] => 0
                                    [wins] => 4
                                )

                            [sort_orders] => Array
                                (
                                    [0] => 0.8
                                    [1] => 198
                                    [2] => 165
                                    [3] => 139
                                    [4] => 0
                                    [5] => 0
                                )

                            [team_key] => frc6938
                        )

                    [32] => stdClass Object
                        (
                            [dq] => 0
                            [extra_stats] => Array
                                (
                                    [0] => 8
                                )

                            [matches_played] => 10
                            [qual_average] => 
                            [rank] => 33
                            [record] => stdClass Object
                                (
                                    [losses] => 6
                                    [ties] => 0
                                    [wins] => 4
                                )

                            [sort_orders] => Array
                                (
                                    [0] => 0.8
                                    [1] => 197
                                    [2] => 195
                                    [3] => 174
                                    [4] => 0
                                    [5] => 0
                                )

                            [team_key] => frc1759
                        )

                    [33] => stdClass Object
                        (
                            [dq] => 0
                            [extra_stats] => Array
                                (
                                    [0] => 8
                                )

                            [matches_played] => 10
                            [qual_average] => 
                            [rank] => 34
                            [record] => stdClass Object
                                (
                                    [losses] => 6
                                    [ties] => 0
                                    [wins] => 4
                                )

                            [sort_orders] => Array
                                (
                                    [0] => 0.8
                                    [1] => 175
                                    [2] => 200
                                    [3] => 118
                                    [4] => 0
                                    [5] => 0
                                )

                            [team_key] => frc5512
                        )

                    [34] => stdClass Object
                        (
                            [dq] => 0
                            [extra_stats] => Array
                                (
                                    [0] => 6
                                )

                            [matches_played] => 10
                            [qual_average] => 
                            [rank] => 35
                            [record] => stdClass Object
                                (
                                    [losses] => 7
                                    [ties] => 0
                                    [wins] => 3
                                )

                            [sort_orders] => Array
                                (
                                    [0] => 0.6
                                    [1] => 273
                                    [2] => 270
                                    [3] => 190
                                    [4] => 0
                                    [5] => 0
                                )

                            [team_key] => frc8159
                        )

                    [35] => stdClass Object
                        (
                            [dq] => 0
                            [extra_stats] => Array
                                (
                                    [0] => 6
                                )

                            [matches_played] => 10
                            [qual_average] => 
                            [rank] => 36
                            [record] => stdClass Object
                                (
                                    [losses] => 7
                                    [ties] => 0
                                    [wins] => 3
                                )

                            [sort_orders] => Array
                                (
                                    [0] => 0.6
                                    [1] => 238
                                    [2] => 150
                                    [3] => 224
                                    [4] => 0
                                    [5] => 0
                                )

                            [team_key] => frc5669
                        )

                    [36] => stdClass Object
                        (
                            [dq] => 0
                            [extra_stats] => Array
                                (
                                    [0] => 6
                                )

                            [matches_played] => 10
                            [qual_average] => 
                            [rank] => 37
                            [record] => stdClass Object
                                (
                                    [losses] => 7
                                    [ties] => 0
                                    [wins] => 3
                                )

                            [sort_orders] => Array
                                (
                                    [0] => 0.6
                                    [1] => 234
                                    [2] => 175
                                    [3] => 229
                                    [4] => 0
                                    [5] => 0
                                )

                            [team_key] => frc841
                        )

                    [37] => stdClass Object
                        (
                            [dq] => 0
                            [extra_stats] => Array
                                (
                                    [0] => 6
                                )

                            [matches_played] => 10
                            [qual_average] => 
                            [rank] => 38
                            [record] => stdClass Object
                                (
                                    [losses] => 7
                                    [ties] => 0
                                    [wins] => 3
                                )

                            [sort_orders] => Array
                                (
                                    [0] => 0.6
                                    [1] => 228
                                    [2] => 140
                                    [3] => 163
                                    [4] => 0
                                    [5] => 0
                                )

                            [team_key] => frc1452
                        )

                    [38] => stdClass Object
                        (
                            [dq] => 0
                            [extra_stats] => Array
                                (
                                    [0] => 6
                                )

                            [matches_played] => 10
                            [qual_average] => 
                            [rank] => 39
                            [record] => stdClass Object
                                (
                                    [losses] => 7
                                    [ties] => 0
                                    [wins] => 3
                                )

                            [sort_orders] => Array
                                (
                                    [0] => 0.6
                                    [1] => 216
                                    [2] => 300
                                    [3] => 103
                                    [4] => 0
                                    [5] => 0
                                )

                            [team_key] => frc6904
                        )

                    [39] => stdClass Object
                        (
                            [dq] => 0
                            [extra_stats] => Array
                                (
                                    [0] => 6
                                )

                            [matches_played] => 10
                            [qual_average] => 
                            [rank] => 40
                            [record] => stdClass Object
                                (
                                    [losses] => 7
                                    [ties] => 0
                                    [wins] => 3
                                )

                            [sort_orders] => Array
                                (
                                    [0] => 0.6
                                    [1] => 210
                                    [2] => 175
                                    [3] => 182
                                    [4] => 0
                                    [5] => 0
                                )

                            [team_key] => frc4578
                        )

                    [40] => stdClass Object
                        (
                            [dq] => 0
                            [extra_stats] => Array
                                (
                                    [0] => 6
                                )

                            [matches_played] => 10
                            [qual_average] => 
                            [rank] => 41
                            [record] => stdClass Object
                                (
                                    [losses] => 8
                                    [ties] => 0
                                    [wins] => 2
                                )

                            [sort_orders] => Array
                                (
                                    [0] => 0.6
                                    [1] => 207
                                    [2] => 195
                                    [3] => 115
                                    [4] => 0
                                    [5] => 0
                                )

                            [team_key] => frc5510
                        )

                    [41] => stdClass Object
                        (
                            [dq] => 1
                            [extra_stats] => Array
                                (
                                    [0] => 4
                                )

                            [matches_played] => 10
                            [qual_average] => 
                            [rank] => 42
                            [record] => stdClass Object
                                (
                                    [losses] => 7
                                    [ties] => 0
                                    [wins] => 2
                                )

                            [sort_orders] => Array
                                (
                                    [0] => 0.4
                                    [1] => 202
                                    [2] => 165
                                    [3] => 101
                                    [4] => 0
                                    [5] => 0
                                )

                            [team_key] => frc5634
                        )

                    [42] => stdClass Object
                        (
                            [dq] => 1
                            [extra_stats] => Array
                                (
                                    [0] => 4
                                )

                            [matches_played] => 10
                            [qual_average] => 
                            [rank] => 43
                            [record] => stdClass Object
                                (
                                    [losses] => 7
                                    [ties] => 0
                                    [wins] => 2
                                )

                            [sort_orders] => Array
                                (
                                    [0] => 0.4
                                    [1] => 185
                                    [2] => 140
                                    [3] => 114
                                    [4] => 0
                                    [5] => 0
                                )

                            [team_key] => frc4964
                        )

                    [43] => stdClass Object
                        (
                            [dq] => 0
                            [extra_stats] => Array
                                (
                                    [0] => 4
                                )

                            [matches_played] => 10
                            [qual_average] => 
                            [rank] => 44
                            [record] => stdClass Object
                                (
                                    [losses] => 8
                                    [ties] => 0
                                    [wins] => 2
                                )

                            [sort_orders] => Array
                                (
                                    [0] => 0.4
                                    [1] => 165
                                    [2] => 90
                                    [3] => 122
                                    [4] => 0
                                    [5] => 0
                                )

                            [team_key] => frc7455
                        )

                )

            [sort_order_info] => Array
                (
                    [0] => stdClass Object
                        (
                            [name] => Ranking Score
                            [precision] => 2
                        )

                    [1] => stdClass Object
                        (
                            [name] => Auto
                            [precision] => 0
                        )

                    [2] => stdClass Object
                        (
                            [name] => End Game
                            [precision] => 0
                        )

                    [3] => stdClass Object
                        (
                            [name] => Teleop Cell + CPanel
                            [precision] => 0
                        )

                )

        )

    [raw_body] => {
  "extra_stats_info": [
    {
      "name": "Total Ranking Points", 
      "precision": 0
    }
  ], 
  "rankings": [
    {
      "dq": 0, 
      "extra_stats": [
        22
      ], 
      "matches_played": 10, 
      "qual_average": null, 
      "rank": 1, 
      "record": {
        "losses": 0, 
        "ties": 0, 
        "wins": 10
      }, 
      "sort_orders": [
        2.2, 
        425.0, 
        455.0, 
        489.0, 
        0.0, 
        0.0
      ], 
      "team_key": "frc4201"
    }, 
    {
      "dq": 0, 
      "extra_stats": [
        22
      ], 
      "matches_played": 10, 
      "qual_average": null, 
      "rank": 2, 
      "record": {
        "losses": 0, 
        "ties": 0, 
        "wins": 10
      }, 
      "sort_orders": [
        2.2, 
        418.0, 
        395.0, 
        545.0, 
        0.0, 
        0.0
      ], 
      "team_key": "frc987"
    }, 
    {
      "dq": 0, 
      "extra_stats": [
        19
      ], 
      "matches_played": 10, 
      "qual_average": null, 
      "rank": 3, 
      "record": {
        "losses": 1, 
        "ties": 0, 
        "wins": 9
      }, 
      "sort_orders": [
        1.9, 
        313.0, 
        370.0, 
        244.0, 
        0.0, 
        0.0
      ], 
      "team_key": "frc1197"
    }, 
    {
      "dq": 0, 
      "extra_stats": [
        18
      ], 
      "matches_played": 10, 
      "qual_average": null, 
      "rank": 4, 
      "record": {
        "losses": 3, 
        "ties": 0, 
        "wins": 7
      }, 
      "sort_orders": [
        1.8, 
        289.0, 
        440.0, 
        153.0, 
        0.0, 
        0.0
      ], 
      "team_key": "frc3408"
    }, 
    {
      "dq": 0, 
      "extra_stats": [
        16
      ], 
      "matches_played": 10, 
      "qual_average": null, 
      "rank": 5, 
      "record": {
        "losses": 3, 
        "ties": 0, 
        "wins": 7
      }, 
      "sort_orders": [
        1.6, 
        244.0, 
        395.0, 
        215.0, 
        0.0, 
        0.0
      ], 
      "team_key": "frc3512"
    }, 
    {
      "dq": 0, 
      "extra_stats": [
        15
      ], 
      "matches_played": 10, 
      "qual_average": null, 
      "rank": 6, 
      "record": {
        "losses": 3, 
        "ties": 0, 
        "wins": 7
      }, 
      "sort_orders": [
        1.5, 
        274.0, 
        310.0, 
        224.0, 
        0.0, 
        0.0
      ], 
      "team_key": "frc5553"
    }, 
    {
      "dq": 0, 
      "extra_stats": [
        14
      ], 
      "matches_played": 10, 
      "qual_average": null, 
      "rank": 7, 
      "record": {
        "losses": 3, 
        "ties": 0, 
        "wins": 7
      }, 
      "sort_orders": [
        1.4, 
        308.0, 
        170.0, 
        217.0, 
        0.0, 
        0.0
      ], 
      "team_key": "frc5089"
    }, 
    {
      "dq": 0, 
      "extra_stats": [
        14
      ], 
      "matches_played": 10, 
      "qual_average": null, 
      "rank": 8, 
      "record": {
        "losses": 4, 
        "ties": 0, 
        "wins": 6
      }, 
      "sort_orders": [
        1.4, 
        301.0, 
        335.0, 
        172.0, 
        0.0, 
        0.0
      ], 
      "team_key": "frc4123"
    }, 
    {
      "dq": 0, 
      "extra_stats": [
        13
      ], 
      "matches_played": 10, 
      "qual_average": null, 
      "rank": 9, 
      "record": {
        "losses": 4, 
        "ties": 0, 
        "wins": 6
      }, 
      "sort_orders": [
        1.3, 
        284.0, 
        325.0, 
        296.0, 
        0.0, 
        0.0
      ], 
      "team_key": "frc2710"
    }, 
    {
      "dq": 0, 
      "extra_stats": [
        13
      ], 
      "matches_played": 10, 
      "qual_average": null, 
      "rank": 10, 
      "record": {
        "losses": 4, 
        "ties": 0, 
        "wins": 6
      }, 
      "sort_orders": [
        1.3, 
        279.0, 
        275.0, 
        169.0, 
        0.0, 
        0.0
      ], 
      "team_key": "frc4400"
    }, 
    {
      "dq": 0, 
      "extra_stats": [
        13
      ], 
      "matches_played": 10, 
      "qual_average": null, 
      "rank": 11, 
      "record": {
        "losses": 4, 
        "ties": 0, 
        "wins": 6
      }, 
      "sort_orders": [
        1.3, 
        259.0, 
        240.0, 
        199.0, 
        0.0, 
        0.0
      ], 
      "team_key": "frc1836"
    }, 
    {
      "dq": 0, 
      "extra_stats": [
        13
      ], 
      "matches_played": 10, 
      "qual_average": null, 
      "rank": 12, 
      "record": {
        "losses": 4, 
        "ties": 0, 
        "wins": 6
      }, 
      "sort_orders": [
        1.3, 
        227.0, 
        230.0, 
        273.0, 
        0.0, 
        0.0
      ], 
      "team_key": "frc207"
    }, 
    {
      "dq": 0, 
      "extra_stats": [
        12
      ], 
      "matches_played": 10, 
      "qual_average": null, 
      "rank": 13, 
      "record": {
        "losses": 4, 
        "ties": 0, 
        "wins": 6
      }, 
      "sort_orders": [
        1.2, 
        360.0, 
        350.0, 
        317.0, 
        0.0, 
        0.0
      ], 
      "team_key": "frc5802"
    }, 
    {
      "dq": 0, 
      "extra_stats": [
        12
      ], 
      "matches_played": 10, 
      "qual_average": null, 
      "rank": 14, 
      "record": {
        "losses": 4, 
        "ties": 0, 
        "wins": 6
      }, 
      "sort_orders": [
        1.2, 
        352.0, 
        225.0, 
        229.0, 
        0.0, 
        0.0
      ], 
      "team_key": "frc687"
    }, 
    {
      "dq": 0, 
      "extra_stats": [
        12
      ], 
      "matches_played": 10, 
      "qual_average": null, 
      "rank": 15, 
      "record": {
        "losses": 4, 
        "ties": 0, 
        "wins": 6
      }, 
      "sort_orders": [
        1.2, 
        224.0, 
        185.0, 
        281.0, 
        0.0, 
        0.0
      ], 
      "team_key": "frc597"
    }, 
    {
      "dq": 0, 
      "extra_stats": [
        12
      ], 
      "matches_played": 10, 
      "qual_average": null, 
      "rank": 16, 
      "record": {
        "losses": 4, 
        "ties": 0, 
        "wins": 6
      }, 
      "sort_orders": [
        1.2, 
        209.0, 
        245.0, 
        125.0, 
        0.0, 
        0.0
      ], 
      "team_key": "frc7051"
    }, 
    {
      "dq": 0, 
      "extra_stats": [
        12
      ], 
      "matches_played": 10, 
      "qual_average": null, 
      "rank": 17, 
      "record": {
        "losses": 4, 
        "ties": 0, 
        "wins": 6
      }, 
      "sort_orders": [
        1.2, 
        208.0, 
        190.0, 
        175.0, 
        0.0, 
        0.0
      ], 
      "team_key": "frc2576"
    }, 
    {
      "dq": 0, 
      "extra_stats": [
        12
      ], 
      "matches_played": 10, 
      "qual_average": null, 
      "rank": 18, 
      "record": {
        "losses": 4, 
        "ties": 0, 
        "wins": 6
      }, 
      "sort_orders": [
        1.2, 
        192.0, 
        200.0, 
        202.0, 
        0.0, 
        0.0
      ], 
      "team_key": "frc7185"
    }, 
    {
      "dq": 0, 
      "extra_stats": [
        11
      ], 
      "matches_played": 10, 
      "qual_average": null, 
      "rank": 19, 
      "record": {
        "losses": 5, 
        "ties": 0, 
        "wins": 5
      }, 
      "sort_orders": [
        1.1, 
        333.0, 
        295.0, 
        360.0, 
        0.0, 
        0.0
      ], 
      "team_key": "frc5124"
    }, 
    {
      "dq": 0, 
      "extra_stats": [
        11
      ], 
      "matches_played": 10, 
      "qual_average": null, 
      "rank": 20, 
      "record": {
        "losses": 5, 
        "ties": 0, 
        "wins": 5
      }, 
      "sort_orders": [
        1.1, 
        278.0, 
        180.0, 
        239.0, 
        0.0, 
        0.0
      ], 
      "team_key": "frc4501"
    }, 
    {
      "dq": 0, 
      "extra_stats": [
        10
      ], 
      "matches_played": 10, 
      "qual_average": null, 
      "rank": 21, 
      "record": {
        "losses": 5, 
        "ties": 0, 
        "wins": 5
      }, 
      "sort_orders": [
        1.0, 
        246.0, 
        220.0, 
        192.0, 
        0.0, 
        0.0
      ], 
      "team_key": "frc6000"
    }, 
    {
      "dq": 0, 
      "extra_stats": [
        10
      ], 
      "matches_played": 10, 
      "qual_average": null, 
      "rank": 22, 
      "record": {
        "losses": 5, 
        "ties": 0, 
        "wins": 5
      }, 
      "sort_orders": [
        1.0, 
        237.0, 
        230.0, 
        170.0, 
        0.0, 
        0.0
      ], 
      "team_key": "frc6658"
    }, 
    {
      "dq": 0, 
      "extra_stats": [
        10
      ], 
      "matches_played": 10, 
      "qual_average": null, 
      "rank": 23, 
      "record": {
        "losses": 5, 
        "ties": 0, 
        "wins": 5
      }, 
      "sort_orders": [
        1.0, 
        233.0, 
        215.0, 
        195.0, 
        0.0, 
        0.0
      ], 
      "team_key": "frc2637"
    }, 
    {
      "dq": 0, 
      "extra_stats": [
        10
      ], 
      "matches_played": 10, 
      "qual_average": null, 
      "rank": 24, 
      "record": {
        "losses": 6, 
        "ties": 0, 
        "wins": 4
      }, 
      "sort_orders": [
        1.0, 
        232.0, 
        245.0, 
        177.0, 
        0.0, 
        0.0
      ], 
      "team_key": "frc980"
    }, 
    {
      "dq": 0, 
      "extra_stats": [
        10
      ], 
      "matches_played": 10, 
      "qual_average": null, 
      "rank": 25, 
      "record": {
        "losses": 5, 
        "ties": 0, 
        "wins": 5
      }, 
      "sort_orders": [
        1.0, 
        221.0, 
        175.0, 
        216.0, 
        0.0, 
        0.0
      ], 
      "team_key": "frc4019"
    }, 
    {
      "dq": 0, 
      "extra_stats": [
        10
      ], 
      "matches_played": 10, 
      "qual_average": null, 
      "rank": 26, 
      "record": {
        "losses": 5, 
        "ties": 0, 
        "wins": 5
      }, 
      "sort_orders": [
        1.0, 
        200.0, 
        240.0, 
        181.0, 
        0.0, 
        0.0
      ], 
      "team_key": "frc3952"
    }, 
    {
      "dq": 0, 
      "extra_stats": [
        9
      ], 
      "matches_played": 10, 
      "qual_average": null, 
      "rank": 27, 
      "record": {
        "losses": 6, 
        "ties": 0, 
        "wins": 4
      }, 
      "sort_orders": [
        0.9, 
        273.0, 
        315.0, 
        286.0, 
        0.0, 
        0.0
      ], 
      "team_key": "frc1515"
    }, 
    {
      "dq": 0, 
      "extra_stats": [
        8
      ], 
      "matches_played": 10, 
      "qual_average": null, 
      "rank": 28, 
      "record": {
        "losses": 6, 
        "ties": 0, 
        "wins": 4
      }, 
      "sort_orders": [
        0.8, 
        254.0, 
        155.0, 
        150.0, 
        0.0, 
        0.0
      ], 
      "team_key": "frc7033"
    }, 
    {
      "dq": 0, 
      "extra_stats": [
        8
      ], 
      "matches_played": 10, 
      "qual_average": null, 
      "rank": 29, 
      "record": {
        "losses": 6, 
        "ties": 0, 
        "wins": 4
      }, 
      "sort_orders": [
        0.8, 
        235.0, 
        190.0, 
        249.0, 
        0.0, 
        0.0
      ], 
      "team_key": "frc4999"
    }, 
    {
      "dq": 0, 
      "extra_stats": [
        8
      ], 
      "matches_played": 10, 
      "qual_average": null, 
      "rank": 30, 
      "record": {
        "losses": 6, 
        "ties": 0, 
        "wins": 4
      }, 
      "sort_orders": [
        0.8, 
        215.0, 
        230.0, 
        152.0, 
        0.0, 
        0.0
      ], 
      "team_key": "frc7447"
    }, 
    {
      "dq": 0, 
      "extra_stats": [
        8
      ], 
      "matches_played": 10, 
      "qual_average": null, 
      "rank": 31, 
      "record": {
        "losses": 7, 
        "ties": 0, 
        "wins": 3
      }, 
      "sort_orders": [
        0.8, 
        207.0, 
        210.0, 
        115.0, 
        0.0, 
        0.0
      ], 
      "team_key": "frc606"
    }, 
    {
      "dq": 1, 
      "extra_stats": [
        8
      ], 
      "matches_played": 10, 
      "qual_average": null, 
      "rank": 32, 
      "record": {
        "losses": 5, 
        "ties": 0, 
        "wins": 4
      }, 
      "sort_orders": [
        0.8, 
        198.0, 
        165.0, 
        139.0, 
        0.0, 
        0.0
      ], 
      "team_key": "frc6938"
    }, 
    {
      "dq": 0, 
      "extra_stats": [
        8
      ], 
      "matches_played": 10, 
      "qual_average": null, 
      "rank": 33, 
      "record": {
        "losses": 6, 
        "ties": 0, 
        "wins": 4
      }, 
      "sort_orders": [
        0.8, 
        197.0, 
        195.0, 
        174.0, 
        0.0, 
        0.0
      ], 
      "team_key": "frc1759"
    }, 
    {
      "dq": 0, 
      "extra_stats": [
        8
      ], 
      "matches_played": 10, 
      "qual_average": null, 
      "rank": 34, 
      "record": {
        "losses": 6, 
        "ties": 0, 
        "wins": 4
      }, 
      "sort_orders": [
        0.8, 
        175.0, 
        200.0, 
        118.0, 
        0.0, 
        0.0
      ], 
      "team_key": "frc5512"
    }, 
    {
      "dq": 0, 
      "extra_stats": [
        6
      ], 
      "matches_played": 10, 
      "qual_average": null, 
      "rank": 35, 
      "record": {
        "losses": 7, 
        "ties": 0, 
        "wins": 3
      }, 
      "sort_orders": [
        0.6, 
        273.0, 
        270.0, 
        190.0, 
        0.0, 
        0.0
      ], 
      "team_key": "frc8159"
    }, 
    {
      "dq": 0, 
      "extra_stats": [
        6
      ], 
      "matches_played": 10, 
      "qual_average": null, 
      "rank": 36, 
      "record": {
        "losses": 7, 
        "ties": 0, 
        "wins": 3
      }, 
      "sort_orders": [
        0.6, 
        238.0, 
        150.0, 
        224.0, 
        0.0, 
        0.0
      ], 
      "team_key": "frc5669"
    }, 
    {
      "dq": 0, 
      "extra_stats": [
        6
      ], 
      "matches_played": 10, 
      "qual_average": null, 
      "rank": 37, 
      "record": {
        "losses": 7, 
        "ties": 0, 
        "wins": 3
      }, 
      "sort_orders": [
        0.6, 
        234.0, 
        175.0, 
        229.0, 
        0.0, 
        0.0
      ], 
      "team_key": "frc841"
    }, 
    {
      "dq": 0, 
      "extra_stats": [
        6
      ], 
      "matches_played": 10, 
      "qual_average": null, 
      "rank": 38, 
      "record": {
        "losses": 7, 
        "ties": 0, 
        "wins": 3
      }, 
      "sort_orders": [
        0.6, 
        228.0, 
        140.0, 
        163.0, 
        0.0, 
        0.0
      ], 
      "team_key": "frc1452"
    }, 
    {
      "dq": 0, 
      "extra_stats": [
        6
      ], 
      "matches_played": 10, 
      "qual_average": null, 
      "rank": 39, 
      "record": {
        "losses": 7, 
        "ties": 0, 
        "wins": 3
      }, 
      "sort_orders": [
        0.6, 
        216.0, 
        300.0, 
        103.0, 
        0.0, 
        0.0
      ], 
      "team_key": "frc6904"
    }, 
    {
      "dq": 0, 
      "extra_stats": [
        6
      ], 
      "matches_played": 10, 
      "qual_average": null, 
      "rank": 40, 
      "record": {
        "losses": 7, 
        "ties": 0, 
        "wins": 3
      }, 
      "sort_orders": [
        0.6, 
        210.0, 
        175.0, 
        182.0, 
        0.0, 
        0.0
      ], 
      "team_key": "frc4578"
    }, 
    {
      "dq": 0, 
      "extra_stats": [
        6
      ], 
      "matches_played": 10, 
      "qual_average": null, 
      "rank": 41, 
      "record": {
        "losses": 8, 
        "ties": 0, 
        "wins": 2
      }, 
      "sort_orders": [
        0.6, 
        207.0, 
        195.0, 
        115.0, 
        0.0, 
        0.0
      ], 
      "team_key": "frc5510"
    }, 
    {
      "dq": 1, 
      "extra_stats": [
        4
      ], 
      "matches_played": 10, 
      "qual_average": null, 
      "rank": 42, 
      "record": {
        "losses": 7, 
        "ties": 0, 
        "wins": 2
      }, 
      "sort_orders": [
        0.4, 
        202.0, 
        165.0, 
        101.0, 
        0.0, 
        0.0
      ], 
      "team_key": "frc5634"
    }, 
    {
      "dq": 1, 
      "extra_stats": [
        4
      ], 
      "matches_played": 10, 
      "qual_average": null, 
      "rank": 43, 
      "record": {
        "losses": 7, 
        "ties": 0, 
        "wins": 2
      }, 
      "sort_orders": [
        0.4, 
        185.0, 
        140.0, 
        114.0, 
        0.0, 
        0.0
      ], 
      "team_key": "frc4964"
    }, 
    {
      "dq": 0, 
      "extra_stats": [
        4
      ], 
      "matches_played": 10, 
      "qual_average": null, 
      "rank": 44, 
      "record": {
        "losses": 8, 
        "ties": 0, 
        "wins": 2
      }, 
      "sort_orders": [
        0.4, 
        165.0, 
        90.0, 
        122.0, 
        0.0, 
        0.0
      ], 
      "team_key": "frc7455"
    }
  ], 
  "sort_order_info": [
    {
      "name": "Ranking Score", 
      "precision": 2
    }, 
    {
      "name": "Auto", 
      "precision": 0
    }, 
    {
      "name": "End Game", 
      "precision": 0
    }, 
    {
      "name": "Teleop Cell + CPanel", 
      "precision": 0
    }
  ]
}
    [headers] => Httpful\Response\Headers Object
        (
            [headers:Httpful\Response\Headers:private] => Array
                (
                    [date] => Tue, 10 Mar 2020 14:10:05 GMT
                    [content-type] => application/json; charset="utf-8"
                    [set-cookie] => __cfduid=dc0485ecb0f6ad1e8946408b83896057f1583849405; expires=Thu, 09-Apr-20 14:10:05 GMT; path=/; domain=.thebluealliance.com; HttpOnly; SameSite=Lax; Secure
                    [access-control-allow-origin] => *
                    [x-robots-tag] => noindex
                    [etag] => W/"213147f7ec4853249ef97a882cef976f"
                    [last-modified] => Mon, 09 Mar 2020 02:02:01 GMT
                    [x-tba-version] => 3
                    [vary] => Accept-Encoding
                    [x-cloud-trace-context] => cee3dc763da5208a3b9437fb1156e4f8
                    [cache-control] => public, max-age=61, s-maxage=61
                    [age] => 0
                    [cf-cache-status] => DYNAMIC
                    [expect-ct] => max-age=604800, report-uri="https://report-uri.cloudflare.com/cdn-cgi/beacon/expect-ct"
                    [server] => cloudflare
                    [cf-ray] => 571d9dff2ecc93f4-SJC
                )

        )

    [raw_headers] => HTTP/2 200 
date: Tue, 10 Mar 2020 14:10:05 GMT
content-type: application/json; charset="utf-8"
set-cookie: __cfduid=dc0485ecb0f6ad1e8946408b83896057f1583849405; expires=Thu, 09-Apr-20 14:10:05 GMT; path=/; domain=.thebluealliance.com; HttpOnly; SameSite=Lax; Secure
access-control-allow-origin: *
x-robots-tag: noindex
etag: W/"213147f7ec4853249ef97a882cef976f"
last-modified: Mon, 09 Mar 2020 02:02:01 GMT
x-tba-version: 3
vary: Accept-Encoding
x-cloud-trace-context: cee3dc763da5208a3b9437fb1156e4f8
cache-control: public, max-age=61, s-maxage=61
age: 0
cf-cache-status: DYNAMIC
expect-ct: max-age=604800, report-uri="https://report-uri.cloudflare.com/cdn-cgi/beacon/expect-ct"
server: cloudflare
cf-ray: 571d9dff2ecc93f4-SJC
    [request] => Httpful\Request Object
        (
            [uri] => https://www.thebluealliance.com/api/v3/event/2020cala/rankings
            [method] => GET
            [headers] => Array
                (
                    [X-TBA-Auth-Key] => DYUrT56p95B3fRnwCn21l0DPirqWz9auOs6zTsULgMrk0A8Yh5XtZs7U3Y6g4rMc
                    [Content-Length] => 0
                )

            [raw_headers] => GET /api/v3/event/2020cala/rankings HTTP/1.1
Host: www.thebluealliance.com
Expect:
User-Agent: Httpful/0.3.0 (cURL/7.67.0 PHP/7.4.2 (WINNT))
Content-Type: 
Accept: */*; q=0.5, text/plain; q=0.8, text/html;level=3;
X-TBA-Auth-Key: DYUrT56p95B3fRnwCn21l0DPirqWz9auOs6zTsULgMrk0A8Yh5XtZs7U3Y6g4rMc
Content-Length: 0

            [strict_ssl] => 
            [content_type] => 
            [expected_type] => 
            [additional_curl_opts] => Array
                (
                )

            [auto_parse] => 1
            [serialize_payload_method] => 2
            [username] => 
            [password] => 
            [serialized_payload] => 
            [payload] => 
            [parse_callback] => 
            [error_callback] => 
            [send_callback] => 
            [follow_redirects] => 
            [max_redirects] => 25
            [payload_serializers] => Array
                (
                )

            [_debug] => 
        )

    [code] => 200
    [content_type] => application/json
    [parent_type] => application/json
    [charset] => "utf-8"
    [meta_data] => Array
        (
            [url] => https://www.thebluealliance.com/api/v3/event/2020cala/rankings
            [content_type] => application/json; charset="utf-8"
            [http_code] => 200
            [header_size] => 748
            [request_size] => 296
            [filetime] => -1
            [ssl_verify_result] => 0
            [redirect_count] => 0
            [total_time] => 0.720044
            [namelookup_time] => 0.002911
            [connect_time] => 0.032736
            [pretransfer_time] => 0.114776
            [size_upload] => 0
            [size_download] => 17450
            [speed_download] => 24236
            [speed_upload] => 0
            [download_content_length] => -1
            [upload_content_length] => -1
            [starttransfer_time] => 0.715638
            [redirect_time] => 0
            [redirect_url] => 
            [primary_ip] => 104.27.169.189
            [certinfo] => Array
                (
                )

            [primary_port] => 443
            [local_ip] => 172.24.124.185
            [local_port] => 54251
            [http_version] => 3
            [protocol] => 2
            [ssl_verifyresult] => 0
            [scheme] => HTTPS
            [appconnect_time_us] => 114219
            [connect_time_us] => 32736
            [namelookup_time_us] => 2911
            [pretransfer_time_us] => 114776
            [redirect_time_us] => 0
            [starttransfer_time_us] => 715638
            [total_time_us] => 720044
        )

    [is_mime_vendor_specific] => 
    [is_mime_personal] => 
    [parsers:Httpful\Response:private] => 
)



Array Body responses:
Team_key: frc4201<<
Rank wins:10<<

Loaded DB array:
Array
(
    [teamnum] => 4201
    [f_wins] => 10
    [f_losses] => 0
    [f_ties] => 0
)
Team_key: frc987<<
Rank wins:10<<

Loaded DB array:
Array
(
    [teamnum] => 987
    [f_wins] => 10
    [f_losses] => 0
    [f_ties] => 0
)
Team_key: frc1197<<
Rank wins:9<<

Loaded DB array:
Array
(
    [teamnum] => 1197
    [f_wins] => 9
    [f_losses] => 1
    [f_ties] => 0
)
Team_key: frc3408<<
Rank wins:7<<

Loaded DB array:
Array
(
    [teamnum] => 3408
    [f_wins] => 7
    [f_losses] => 3
    [f_ties] => 0
)
Team_key: frc3512<<
Rank wins:7<<

Loaded DB array:
Array
(
    [teamnum] => 3512
    [f_wins] => 7
    [f_losses] => 3
    [f_ties] => 0
)
Team_key: frc5553<<
Rank wins:7<<

Loaded DB array:
Array
(
    [teamnum] => 5553
    [f_wins] => 7
    [f_losses] => 3
    [f_ties] => 0
)
Team_key: frc5089<<
Rank wins:7<<

Loaded DB array:
Array
(
    [teamnum] => 5089
    [f_wins] => 7
    [f_losses] => 3
    [f_ties] => 0
)
Team_key: frc4123<<
Rank wins:6<<

Loaded DB array:
Array
(
    [teamnum] => 4123
    [f_wins] => 6
    [f_losses] => 4
    [f_ties] => 0
)
Team_key: frc2710<<
Rank wins:6<<

Loaded DB array:
Array
(
    [teamnum] => 2710
    [f_wins] => 6
    [f_losses] => 4
    [f_ties] => 0
)
Team_key: frc4400<<
Rank wins:6<<

Loaded DB array:
Array
(
    [teamnum] => 4400
    [f_wins] => 6
    [f_losses] => 4
    [f_ties] => 0
)
Team_key: frc1836<<
Rank wins:6<<

Loaded DB array:
Array
(
    [teamnum] => 1836
    [f_wins] => 6
    [f_losses] => 4
    [f_ties] => 0
)
Team_key: frc207<<
Rank wins:6<<

Loaded DB array:
Array
(
    [teamnum] => 207
    [f_wins] => 6
    [f_losses] => 4
    [f_ties] => 0
)
Team_key: frc5802<<
Rank wins:6<<

Loaded DB array:
Array
(
    [teamnum] => 5802
    [f_wins] => 6
    [f_losses] => 4
    [f_ties] => 0
)
Team_key: frc687<<
Rank wins:6<<

Loaded DB array:
Array
(
    [teamnum] => 687
    [f_wins] => 6
    [f_losses] => 4
    [f_ties] => 0
)
Team_key: frc597<<
Rank wins:6<<

Loaded DB array:
Array
(
    [teamnum] => 597
    [f_wins] => 6
    [f_losses] => 4
    [f_ties] => 0
)
Team_key: frc7051<<
Rank wins:6<<

Loaded DB array:
Array
(
    [teamnum] => 7051
    [f_wins] => 6
    [f_losses] => 4
    [f_ties] => 0
)
Team_key: frc2576<<
Rank wins:6<<

Loaded DB array:
Array
(
    [teamnum] => 2576
    [f_wins] => 6
    [f_losses] => 4
    [f_ties] => 0
)
Team_key: frc7185<<
Rank wins:6<<

Loaded DB array:
Array
(
    [teamnum] => 7185
    [f_wins] => 6
    [f_losses] => 4
    [f_ties] => 0
)
Team_key: frc5124<<
Rank wins:5<<

Loaded DB array:
Array
(
    [teamnum] => 5124
    [f_wins] => 5
    [f_losses] => 5
    [f_ties] => 0
)
Team_key: frc4501<<
Rank wins:5<<

Loaded DB array:
Array
(
    [teamnum] => 4501
    [f_wins] => 5
    [f_losses] => 5
    [f_ties] => 0
)
Team_key: frc6000<<
Rank wins:5<<

Loaded DB array:
Array
(
    [teamnum] => 6000
    [f_wins] => 5
    [f_losses] => 5
    [f_ties] => 0
)
Team_key: frc6658<<
Rank wins:5<<

Loaded DB array:
Array
(
    [teamnum] => 6658
    [f_wins] => 5
    [f_losses] => 5
    [f_ties] => 0
)
Team_key: frc2637<<
Rank wins:5<<

Loaded DB array:
Array
(
    [teamnum] => 2637
    [f_wins] => 5
    [f_losses] => 5
    [f_ties] => 0
)
Team_key: frc980<<
Rank wins:4<<

Loaded DB array:
Array
(
    [teamnum] => 980
    [f_wins] => 4
    [f_losses] => 6
    [f_ties] => 0
)
Team_key: frc4019<<
Rank wins:5<<

Loaded DB array:
Array
(
    [teamnum] => 4019
    [f_wins] => 5
    [f_losses] => 5
    [f_ties] => 0
)
Team_key: frc3952<<
Rank wins:5<<

Loaded DB array:
Array
(
    [teamnum] => 3952
    [f_wins] => 5
    [f_losses] => 5
    [f_ties] => 0
)
Team_key: frc1515<<
Rank wins:4<<

Loaded DB array:
Array
(
    [teamnum] => 1515
    [f_wins] => 4
    [f_losses] => 6
    [f_ties] => 0
)
Team_key: frc7033<<
Rank wins:4<<

Loaded DB array:
Array
(
    [teamnum] => 7033
    [f_wins] => 4
    [f_losses] => 6
    [f_ties] => 0
)
Team_key: frc4999<<
Rank wins:4<<

Loaded DB array:
Array
(
    [teamnum] => 4999
    [f_wins] => 4
    [f_losses] => 6
    [f_ties] => 0
)
Team_key: frc7447<<
Rank wins:4<<

Loaded DB array:
Array
(
    [teamnum] => 7447
    [f_wins] => 4
    [f_losses] => 6
    [f_ties] => 0
)
Team_key: frc606<<
Rank wins:3<<

Loaded DB array:
Array
(
    [teamnum] => 606
    [f_wins] => 3
    [f_losses] => 7
    [f_ties] => 0
)
Team_key: frc6938<<
Rank wins:4<<

Loaded DB array:
Array
(
    [teamnum] => 6938
    [f_wins] => 4
    [f_losses] => 5
    [f_ties] => 0
)
Team_key: frc1759<<
Rank wins:4<<

Loaded DB array:
Array
(
    [teamnum] => 1759
    [f_wins] => 4
    [f_losses] => 6
    [f_ties] => 0
)
Team_key: frc5512<<
Rank wins:4<<

Loaded DB array:
Array
(
    [teamnum] => 5512
    [f_wins] => 4
    [f_losses] => 6
    [f_ties] => 0
)
Team_key: frc8159<<
Rank wins:3<<

Loaded DB array:
Array
(
    [teamnum] => 8159
    [f_wins] => 3
    [f_losses] => 7
    [f_ties] => 0
)
Team_key: frc5669<<
Rank wins:3<<

Loaded DB array:
Array
(
    [teamnum] => 5669
    [f_wins] => 3
    [f_losses] => 7
    [f_ties] => 0
)
Team_key: frc841<<
Rank wins:3<<

Loaded DB array:
Array
(
    [teamnum] => 841
    [f_wins] => 3
    [f_losses] => 7
    [f_ties] => 0
)
Team_key: frc1452<<
Rank wins:3<<

Loaded DB array:
Array
(
    [teamnum] => 1452
    [f_wins] => 3
    [f_losses] => 7
    [f_ties] => 0
)
Team_key: frc6904<<
Rank wins:3<<

Loaded DB array:
Array
(
    [teamnum] => 6904
    [f_wins] => 3
    [f_losses] => 7
    [f_ties] => 0
)
Team_key: frc4578<<
Rank wins:3<<

Loaded DB array:
Array
(
    [teamnum] => 4578
    [f_wins] => 3
    [f_losses] => 7
    [f_ties] => 0
)
Team_key: frc5510<<
Rank wins:2<<

Loaded DB array:
Array
(
    [teamnum] => 5510
    [f_wins] => 2
    [f_losses] => 8
    [f_ties] => 0
)
Team_key: frc5634<<
Rank wins:2<<

Loaded DB array:
Array
(
    [teamnum] => 5634
    [f_wins] => 2
    [f_losses] => 7
    [f_ties] => 0
)
Team_key: frc4964<<
Rank wins:2<<

Loaded DB array:
Array
(
    [teamnum] => 4964
    [f_wins] => 2
    [f_losses] => 7
    [f_ties] => 0
)
Team_key: frc7455<<
Rank wins:2<<

Loaded DB array:
Array
(
    [teamnum] => 7455
    [f_wins] => 2
    [f_losses] => 8
    [f_ties] => 0
)


end.
